-------------------------------------------------------------------------------
Test set: Forgot Password and Create account trough Sign in feature
-------------------------------------------------------------------------------
Tests run: 2, Failures: 1, Errors: 0, Skipped: 0, Time elapsed: 23.702 s <<< FAILURE! - in Forgot Password and Create account trough Sign in feature
Forgot password through SignIn option(Forgot Password and Create account trough Sign in feature)  Time elapsed: 9.552 s  <<< FAILURE!
org.junit.ComparisonFailure: expected:<[Used Cars for Sale | with Free CARFAX]> but was:<[]>

