<?xml version="1.0" encoding="UTF-8"?>
<testsuite xmlns:xsi="http://www.w3.org/2001/XMLSchema-instance" xsi:noNamespaceSchemaLocation="https://maven.apache.org/surefire/maven-surefire-plugin/xsd/surefire-test-report.xsd" name="Create account through Follow button" time="15.074" tests="1" errors="1" skipped="0" failures="0">
  <properties>
[...]
</properties>
  <testcase name="Follow button to create account in VDP" classname="Create account through Follow button" time="15.074">
    <error message="Expected condition failed: waiting for element to be clickable: [[ChromeDriver: chrome on MAC (5f1ce2e9e03a21adb531a1975da1245b)] -&gt; xpath: //button[@class=&apos;button large primary-green&apos;]] (tried for 1 second(s) with 500 milliseconds interval)&#10;Build info: version: &apos;3.141.59&apos;, revision: &apos;e82be7d358&apos;, time: &apos;2018-11-14T08:17:03&apos;&#10;System info: host: &apos;A-XF4WBHV29&apos;, ip: &apos;fe80:0:0:0:1444:b5b0:fa0a:4a6e%en0&apos;, os.name: &apos;Mac OS X&apos;, os.arch: &apos;x86_64&apos;, os.version: &apos;10.15.2&apos;, java.version: &apos;12.0.1&apos;&#10;Driver info: org.openqa.selenium.chrome.ChromeDriver&#10;Capabilities {acceptInsecureCerts: false, browserName: chrome, browserVersion: 79.0.3945.88, chrome: {chromedriverVersion: 79.0.3945.36 (3582db32b3389..., userDataDir: /var/folders/x_/jgrkcbmn19s...}, goog:chromeOptions: {debuggerAddress: localhost:62693}, javascriptEnabled: true, networkConnectionEnabled: false, pageLoadStrategy: normal, platform: MAC, platformName: MAC, proxy: Proxy(), setWindowRect: true, strictFileInteractability: false, timeouts: {implicit: 0, pageLoad: 300000, script: 30000}, unhandledPromptBehavior: dismiss and notify}&#10;Session ID: 5f1ce2e9e03a21adb531a1975da1245b" type="org.openqa.selenium.TimeoutException">org.openqa.selenium.TimeoutException: 
Expected condition failed: waiting for element to be clickable: [[ChromeDriver: chrome on MAC (5f1ce2e9e03a21adb531a1975da1245b)] -> xpath: //button[@class='button large primary-green']] (tried for 1 second(s) with 500 milliseconds interval)
Build info: version: '3.141.59', revision: 'e82be7d358', time: '2018-11-14T08:17:03'
System info: host: 'A-XF4WBHV29', ip: 'fe80:0:0:0:1444:b5b0:fa0a:4a6e%en0', os.name: 'Mac OS X', os.arch: 'x86_64', os.version: '10.15.2', java.version: '12.0.1'
Driver info: org.openqa.selenium.chrome.ChromeDriver
Capabilities {acceptInsecureCerts: false, browserName: chrome, browserVersion: 79.0.3945.88, chrome: {chromedriverVersion: 79.0.3945.36 (3582db32b3389..., userDataDir: /var/folders/x_/jgrkcbmn19s...}, goog:chromeOptions: {debuggerAddress: localhost:62693}, javascriptEnabled: true, networkConnectionEnabled: false, pageLoadStrategy: normal, platform: MAC, platformName: MAC, proxy: Proxy(), setWindowRect: true, strictFileInteractability: false, timeouts: {implicit: 0, pageLoad: 300000, script: 30000}, unhandledPromptBehavior: dismiss and notify}
Session ID: 5f1ce2e9e03a21adb531a1975da1245b
</error>
    <system-out><![CDATA[Jan 06, 2020 10:56:46 AM cucumber.runtime.java.ObjectFactoryLoader loadSingleObjectFactory
WARNING: Use deprecated reflections to load ObjectFactory.

&amp#27;[31mFailed scenarios:&amp#27;[0m
&amp#27;[31msrc/test/resources/com/carfax/features/FollowBtn.feature:4 &amp#27;[0m# Follow button to create account in VDP

1 Scenarios (&amp#27;[31m1 failed&amp#27;[0m)
6 Steps (&amp#27;[31m1 failed&amp#27;[0m, &amp#27;[36m2 skipped&amp#27;[0m, &amp#27;[32m3 passed&amp#27;[0m)
0m15.273s

org.openqa.selenium.TimeoutException: Expected condition failed: waiting for element to be clickable: [[ChromeDriver: chrome on MAC (5f1ce2e9e03a21adb531a1975da1245b)] -> xpath: //button[@class='button large primary-green']] (tried for 1 second(s) with 500 milliseconds interval)
Build info: version: '3.141.59', revision: 'e82be7d358', time: '2018-11-14T08:17:03'
System info: host: 'A-XF4WBHV29', ip: 'fe80:0:0:0:1444:b5b0:fa0a:4a6e%en0', os.name: 'Mac OS X', os.arch: 'x86_64', os.version: '10.15.2', java.version: '12.0.1'
Driver info: org.openqa.selenium.chrome.ChromeDriver
Capabilities {acceptInsecureCerts: false, browserName: chrome, browserVersion: 79.0.3945.88, chrome: {chromedriverVersion: 79.0.3945.36 (3582db32b3389..., userDataDir: /var/folders/x_/jgrkcbmn19s...}, goog:chromeOptions: {debuggerAddress: localhost:62693}, javascriptEnabled: true, networkConnectionEnabled: false, pageLoadStrategy: normal, platform: MAC, platformName: MAC, proxy: Proxy(), setWindowRect: true, strictFileInteractability: false, timeouts: {implicit: 0, pageLoad: 300000, script: 30000}, unhandledPromptBehavior: dismiss and notify}
Session ID: 5f1ce2e9e03a21adb531a1975da1245b
	at org.openqa.selenium.support.ui.WebDriverWait.timeoutException(WebDriverWait.java:95)
	at org.openqa.selenium.support.ui.FluentWait.until(FluentWait.java:272)
	at com.carfax_ucl.step_definitions.FollowBtnStepDef.i_click_on_next_and_show_me_results_button_show_me_results_button(FollowBtnStepDef.java:25)
	at ✽.I click on next and show me results button  show me results button(file:src/test/resources/com/carfax/features/FollowBtn.feature:8)

 Setting up before hooks
Browser name : chrome
After Hooks
]]></system-out>
    <system-err><![CDATA[SLF4J: Failed to load class "org.slf4j.impl.StaticLoggerBinder".
SLF4J: Defaulting to no-operation (NOP) logger implementation
SLF4J: See http://www.slf4j.org/codes.html#StaticLoggerBinder for further details.
Starting ChromeDriver 79.0.3945.36 (3582db32b33893869b8c1339e8f4d9ed1816f143-refs/branch-heads/3945@{#614}) on port 41472
Only local connections are allowed.
Please protect ports used by ChromeDriver and related test frameworks to prevent access by malicious code.
Jan 06, 2020 10:56:48 AM org.openqa.selenium.remote.ProtocolHandshake createSession
INFO: Detected dialect: W3C
]]></system-err>
  </testcase>
</testsuite>