<?xml version="1.0" encoding="UTF-8"?>
<testsuite xmlns:xsi="http://www.w3.org/2001/XMLSchema-instance" xsi:noNamespaceSchemaLocation="https://maven.apache.org/surefire/maven-surefire-plugin/xsd/surefire-test-report.xsd" name="Create account through Follow button" time="11.692" tests="1" errors="1" skipped="0" failures="0">
  <properties>
[...]
</properties>
  <testcase name="Follow button to create account in VDP" classname="Create account through Follow button" time="11.692">
    <error message="element click intercepted: Element &lt;select class=&quot;form-control search-model &quot; name=&quot;model&quot;&gt;...&lt;/select&gt; is not clickable at point (552, 495). Other element would receive the click: &lt;iframe src=&quot;https://c.datado.me/captcha/?initialCid=AHrlqAAAAAMA0DYrRkso1osAuLks6g==&amp;amp;hash=F41B65A147534F8AA2026D0448DD7E&amp;amp;t=fe&amp;amp;cid=0A_hEcm2uogba0EhcvmwF40QToLjquxwoOUSnn568-_2iJfETFA.-Rp2fc2IbNJXxdW91GrZs3iGQm0M_cOUy5VRwaexiZaSQiAZuwLi2w&quot; width=&quot;100%&quot; height=&quot;100%&quot; style=&quot;height:100vh;&quot; frameborder=&quot;0&quot; border=&quot;0&quot; scrolling=&quot;yes&quot;&gt;&lt;/iframe&gt;&#10;  (Session info: chrome=79.0.3945.88)&#10;Build info: version: &apos;3.141.59&apos;, revision: &apos;e82be7d358&apos;, time: &apos;2018-11-14T08:17:03&apos;&#10;System info: host: &apos;A-XF4WBHV29&apos;, ip: &apos;fe80:0:0:0:1444:b5b0:fa0a:4a6e%en0&apos;, os.name: &apos;Mac OS X&apos;, os.arch: &apos;x86_64&apos;, os.version: &apos;10.15.2&apos;, java.version: &apos;12.0.1&apos;&#10;Driver info: org.openqa.selenium.chrome.ChromeDriver&#10;Capabilities {acceptInsecureCerts: false, browserName: chrome, browserVersion: 79.0.3945.88, chrome: {chromedriverVersion: 79.0.3945.36 (3582db32b3389..., userDataDir: /var/folders/x_/jgrkcbmn19s...}, goog:chromeOptions: {debuggerAddress: localhost:61026}, javascriptEnabled: true, networkConnectionEnabled: false, pageLoadStrategy: normal, platform: MAC, platformName: MAC, proxy: Proxy(), setWindowRect: true, strictFileInteractability: false, timeouts: {implicit: 0, pageLoad: 300000, script: 30000}, unhandledPromptBehavior: dismiss and notify}&#10;Session ID: c63a726899c43a255046fd25e8d0b884" type="org.openqa.selenium.ElementClickInterceptedException"><![CDATA[org.openqa.selenium.ElementClickInterceptedException: 
element click intercepted: Element <select class="form-control search-model " name="model">...</select> is not clickable at point (552, 495). Other element would receive the click: <iframe src="https://c.datado.me/captcha/?initialCid=AHrlqAAAAAMA0DYrRkso1osAuLks6g==&amp;hash=F41B65A147534F8AA2026D0448DD7E&amp;t=fe&amp;cid=0A_hEcm2uogba0EhcvmwF40QToLjquxwoOUSnn568-_2iJfETFA.-Rp2fc2IbNJXxdW91GrZs3iGQm0M_cOUy5VRwaexiZaSQiAZuwLi2w" width="100%" height="100%" style="height:100vh;" frameborder="0" border="0" scrolling="yes"></iframe>
  (Session info: chrome=79.0.3945.88)
Build info: version: '3.141.59', revision: 'e82be7d358', time: '2018-11-14T08:17:03'
System info: host: 'A-XF4WBHV29', ip: 'fe80:0:0:0:1444:b5b0:fa0a:4a6e%en0', os.name: 'Mac OS X', os.arch: 'x86_64', os.version: '10.15.2', java.version: '12.0.1'
Driver info: org.openqa.selenium.chrome.ChromeDriver
Capabilities {acceptInsecureCerts: false, browserName: chrome, browserVersion: 79.0.3945.88, chrome: {chromedriverVersion: 79.0.3945.36 (3582db32b3389..., userDataDir: /var/folders/x_/jgrkcbmn19s...}, goog:chromeOptions: {debuggerAddress: localhost:61026}, javascriptEnabled: true, networkConnectionEnabled: false, pageLoadStrategy: normal, platform: MAC, platformName: MAC, proxy: Proxy(), setWindowRect: true, strictFileInteractability: false, timeouts: {implicit: 0, pageLoad: 300000, script: 30000}, unhandledPromptBehavior: dismiss and notify}
Session ID: c63a726899c43a255046fd25e8d0b884
]]></error>
    <system-out><![CDATA[Dec 22, 2019 4:27:05 PM cucumber.runtime.java.ObjectFactoryLoader loadSingleObjectFactory
WARNING: Use deprecated reflections to load ObjectFactory.
Feature: Create account through Follow button

  @smoke
  Scenario: Follow button to create account in VDP                               &amp#27;[90m# src/test/resources/com/carfax/features/FollowBtn.feature:5&amp#27;[0m
    &amp#27;[32mGiven &amp#27;[0m&amp#27;[32mI am on main Carfax page&amp#27;[0m                                               &amp#27;[90m# SaveThisSearchStepDef.i_am_on_main_Carfax_page()&amp#27;[0m
    &amp#27;[32mAnd &amp#27;[0m&amp#27;[32mI navigate to Find a Used Car page&amp#27;[0m                                       &amp#27;[90m# SaveThisSearchStepDef.i_navigate_to_Find_a_Used_Car_page()&amp#27;[0m
    &amp#27;[31mAnd &amp#27;[0m&amp#27;[31mI fill out &amp#27;[0m&amp#27;[31m&amp#27;[1m"make"&amp#27;[0m&amp#27;[31m , &amp#27;[0m&amp#27;[31m&amp#27;[1m"model"&amp#27;[0m&amp#27;[31m , &amp#27;[0m&amp#27;[31m&amp#27;[1m"zipcode"&amp#27;[0m&amp#27;[31m of the car that I want to search&amp#27;[0m &amp#27;[90m# SaveThisSearchStepDef.i_fill_out_of_the_car_that_I_want_to_search(String,String,String)&amp#27;[0m
      &amp#27;[31morg.openqa.selenium.ElementClickInterceptedException: element click intercepted: Element <select class="form-control search-model " name="model">...</select> is not clickable at point (552, 495). Other element would receive the click: <iframe src="https://c.datado.me/captcha/?initialCid=AHrlqAAAAAMA0DYrRkso1osAuLks6g==&amp;hash=F41B65A147534F8AA2026D0448DD7E&amp;t=fe&amp;cid=0A_hEcm2uogba0EhcvmwF40QToLjquxwoOUSnn568-_2iJfETFA.-Rp2fc2IbNJXxdW91GrZs3iGQm0M_cOUy5VRwaexiZaSQiAZuwLi2w" width="100%" height="100%" style="height:100vh;" frameborder="0" border="0" scrolling="yes"></iframe>
  (Session info: chrome=79.0.3945.88)
Build info: version: '3.141.59', revision: 'e82be7d358', time: '2018-11-14T08:17:03'
System info: host: 'A-XF4WBHV29', ip: 'fe80:0:0:0:1444:b5b0:fa0a:4a6e%en0', os.name: 'Mac OS X', os.arch: 'x86_64', os.version: '10.15.2', java.version: '12.0.1'
Driver info: org.openqa.selenium.chrome.ChromeDriver
Capabilities {acceptInsecureCerts: false, browserName: chrome, browserVersion: 79.0.3945.88, chrome: {chromedriverVersion: 79.0.3945.36 (3582db32b3389..., userDataDir: /var/folders/x_/jgrkcbmn19s...}, goog:chromeOptions: {debuggerAddress: localhost:61026}, javascriptEnabled: true, networkConnectionEnabled: false, pageLoadStrategy: normal, platform: MAC, platformName: MAC, proxy: Proxy(), setWindowRect: true, strictFileInteractability: false, timeouts: {implicit: 0, pageLoad: 300000, script: 30000}, unhandledPromptBehavior: dismiss and notify}
Session ID: c63a726899c43a255046fd25e8d0b884
	at java.base/jdk.internal.reflect.NativeConstructorAccessorImpl.newInstance0(Native Method)
	at java.base/jdk.internal.reflect.NativeConstructorAccessorImpl.newInstance(NativeConstructorAccessorImpl.java:62)
	at java.base/jdk.internal.reflect.DelegatingConstructorAccessorImpl.newInstance(DelegatingConstructorAccessorImpl.java:45)
	at java.base/java.lang.reflect.Constructor.newInstanceWithCaller(Constructor.java:500)
	at java.base/java.lang.reflect.Constructor.newInstance(Constructor.java:481)
	at org.openqa.selenium.remote.http.W3CHttpResponseCodec.createException(W3CHttpResponseCodec.java:187)
	at org.openqa.selenium.remote.http.W3CHttpResponseCodec.decode(W3CHttpResponseCodec.java:122)
	at org.openqa.selenium.remote.http.W3CHttpResponseCodec.decode(W3CHttpResponseCodec.java:49)
	at org.openqa.selenium.remote.HttpCommandExecutor.execute(HttpCommandExecutor.java:158)
	at org.openqa.selenium.remote.service.DriverCommandExecutor.execute(DriverCommandExecutor.java:83)
	at org.openqa.selenium.remote.RemoteWebDriver.execute(RemoteWebDriver.java:552)
	at org.openqa.selenium.remote.RemoteWebElement.execute(RemoteWebElement.java:285)
	at org.openqa.selenium.remote.RemoteWebElement.click(RemoteWebElement.java:84)
	at com.carfax_ucl.step_definitions.SaveThisSearchStepDef.i_fill_out_of_the_car_that_I_want_to_search(SaveThisSearchStepDef.java:63)
	at ✽.I fill out "make" , "model" , "zipcode" of the car that I want to search(file:src/test/resources/com/carfax/features/FollowBtn.feature:8)
&amp#27;[0m
    &amp#27;[36mWhen &amp#27;[0m&amp#27;[36mI click on next and show me results button  show me results button&amp#27;[0m      &amp#27;[90m# FollowBtnStepDef.i_click_on_next_and_show_me_results_button_show_me_results_button()&amp#27;[0m
    &amp#27;[36mAnd &amp#27;[0m&amp#27;[36mI click on follow button to follow car&amp#27;[0m                                   &amp#27;[90m# FollowBtnStepDef.i_click_on_follow_button_to_follow_car()&amp#27;[0m
    &amp#27;[36mThen &amp#27;[0m&amp#27;[36mI can create an account&amp#27;[0m                                                 &amp#27;[90m# FollowBtnStepDef.i_can_create_an_account()&amp#27;[0m

&amp#27;[31mFailed scenarios:&amp#27;[0m
&amp#27;[31msrc/test/resources/com/carfax/features/FollowBtn.feature:5 &amp#27;[0m# Follow button to create account in VDP

1 Scenarios (&amp#27;[31m1 failed&amp#27;[0m)
6 Steps (&amp#27;[31m1 failed&amp#27;[0m, &amp#27;[36m3 skipped&amp#27;[0m, &amp#27;[32m2 passed&amp#27;[0m)
0m11.848s

org.openqa.selenium.ElementClickInterceptedException: element click intercepted: Element <select class="form-control search-model " name="model">...</select> is not clickable at point (552, 495). Other element would receive the click: <iframe src="https://c.datado.me/captcha/?initialCid=AHrlqAAAAAMA0DYrRkso1osAuLks6g==&amp;hash=F41B65A147534F8AA2026D0448DD7E&amp;t=fe&amp;cid=0A_hEcm2uogba0EhcvmwF40QToLjquxwoOUSnn568-_2iJfETFA.-Rp2fc2IbNJXxdW91GrZs3iGQm0M_cOUy5VRwaexiZaSQiAZuwLi2w" width="100%" height="100%" style="height:100vh;" frameborder="0" border="0" scrolling="yes"></iframe>
  (Session info: chrome=79.0.3945.88)
Build info: version: '3.141.59', revision: 'e82be7d358', time: '2018-11-14T08:17:03'
System info: host: 'A-XF4WBHV29', ip: 'fe80:0:0:0:1444:b5b0:fa0a:4a6e%en0', os.name: 'Mac OS X', os.arch: 'x86_64', os.version: '10.15.2', java.version: '12.0.1'
Driver info: org.openqa.selenium.chrome.ChromeDriver
Capabilities {acceptInsecureCerts: false, browserName: chrome, browserVersion: 79.0.3945.88, chrome: {chromedriverVersion: 79.0.3945.36 (3582db32b3389..., userDataDir: /var/folders/x_/jgrkcbmn19s...}, goog:chromeOptions: {debuggerAddress: localhost:61026}, javascriptEnabled: true, networkConnectionEnabled: false, pageLoadStrategy: normal, platform: MAC, platformName: MAC, proxy: Proxy(), setWindowRect: true, strictFileInteractability: false, timeouts: {implicit: 0, pageLoad: 300000, script: 30000}, unhandledPromptBehavior: dismiss and notify}
Session ID: c63a726899c43a255046fd25e8d0b884
	at java.base/jdk.internal.reflect.NativeConstructorAccessorImpl.newInstance0(Native Method)
	at java.base/jdk.internal.reflect.NativeConstructorAccessorImpl.newInstance(NativeConstructorAccessorImpl.java:62)
	at java.base/jdk.internal.reflect.DelegatingConstructorAccessorImpl.newInstance(DelegatingConstructorAccessorImpl.java:45)
	at java.base/java.lang.reflect.Constructor.newInstanceWithCaller(Constructor.java:500)
	at java.base/java.lang.reflect.Constructor.newInstance(Constructor.java:481)
	at org.openqa.selenium.remote.http.W3CHttpResponseCodec.createException(W3CHttpResponseCodec.java:187)
	at org.openqa.selenium.remote.http.W3CHttpResponseCodec.decode(W3CHttpResponseCodec.java:122)
	at org.openqa.selenium.remote.http.W3CHttpResponseCodec.decode(W3CHttpResponseCodec.java:49)
	at org.openqa.selenium.remote.HttpCommandExecutor.execute(HttpCommandExecutor.java:158)
	at org.openqa.selenium.remote.service.DriverCommandExecutor.execute(DriverCommandExecutor.java:83)
	at org.openqa.selenium.remote.RemoteWebDriver.execute(RemoteWebDriver.java:552)
	at org.openqa.selenium.remote.RemoteWebElement.execute(RemoteWebElement.java:285)
	at org.openqa.selenium.remote.RemoteWebElement.click(RemoteWebElement.java:84)
	at com.carfax_ucl.step_definitions.SaveThisSearchStepDef.i_fill_out_of_the_car_that_I_want_to_search(SaveThisSearchStepDef.java:63)
	at ✽.I fill out "make" , "model" , "zipcode" of the car that I want to search(file:src/test/resources/com/carfax/features/FollowBtn.feature:8)

 Setting up before hooks
Browser name : chrome
After Hooks
]]></system-out>
    <system-err><![CDATA[SLF4J: Failed to load class "org.slf4j.impl.StaticLoggerBinder".
SLF4J: Defaulting to no-operation (NOP) logger implementation
SLF4J: See http://www.slf4j.org/codes.html#StaticLoggerBinder for further details.
Starting ChromeDriver 79.0.3945.36 (3582db32b33893869b8c1339e8f4d9ed1816f143-refs/branch-heads/3945@{#614}) on port 39802
Only local connections are allowed.
Please protect ports used by ChromeDriver and related test frameworks to prevent access by malicious code.
Dec 22, 2019 4:27:08 PM org.openqa.selenium.remote.ProtocolHandshake createSession
INFO: Detected dialect: W3C
]]></system-err>
  </testcase>
</testsuite>