<?xml version="1.0" encoding="UTF-8"?>
<testsuite xmlns:xsi="http://www.w3.org/2001/XMLSchema-instance" xsi:noNamespaceSchemaLocation="https://maven.apache.org/surefire/maven-surefire-plugin/xsd/surefire-test-report.xsd" name="Create account through save this search" time="47.28" tests="4" errors="0" skipped="0" failures="3">
  <properties>
[...]
</properties>
  <testcase name="Create account through Save This Search option" classname="Create account through save this search" time="8.761">
    <failure message="expected:&lt;[Used Cars for Sale | with Free CARFAX]&gt; but was:&lt;[]&gt;" type="org.junit.ComparisonFailure"><![CDATA[org.junit.ComparisonFailure: expected:<[Used Cars for Sale | with Free CARFAX]> but was:<[]>
]]></failure>
    <system-out><![CDATA[
&amp#27;[31mFailed scenarios:&amp#27;[0m
&amp#27;[31msrc/test/resources/com/carfax/features/FollowBtn.feature:14 &amp#27;[0m# Follow button to create account in VDP
&amp#27;[31msrc/test/resources/com/carfax/features/FollowBtn.feature:15 &amp#27;[0m# Follow button to create account in VDP
&amp#27;[31msrc/test/resources/com/carfax/features/FollowBtn.feature:16 &amp#27;[0m# Follow button to create account in VDP
&amp#27;[31msrc/test/resources/com/carfax/features/FollowBtn.feature:17 &amp#27;[0m# Follow button to create account in VDP
&amp#27;[31msrc/test/resources/com/carfax/features/UCLSignInBtn.feature:15 &amp#27;[0m# Forgot password through SignIn option
&amp#27;[31msrc/test/resources/com/carfax/features/UCLSignUpBtn.feature:5 &amp#27;[0m# Create account through UCL page
&amp#27;[31msrc/test/resources/com/carfax/features/saveSearchBtn.feature:13 &amp#27;[0m# Create account through Save This Search option
&amp#27;[31msrc/test/resources/com/carfax/features/saveSearchBtn.feature:15 &amp#27;[0m# Create account through Save This Search option
&amp#27;[31msrc/test/resources/com/carfax/features/saveSearchBtn.feature:16 &amp#27;[0m# Create account through Save This Search option

13 Scenarios (&amp#27;[31m9 failed&amp#27;[0m, &amp#27;[32m4 passed&amp#27;[0m)
78 Steps (&amp#27;[31m9 failed&amp#27;[0m, &amp#27;[36m36 skipped&amp#27;[0m, &amp#27;[32m33 passed&amp#27;[0m)
2m23.022s

org.junit.ComparisonFailure: expected:<[Used Cars for Sale | with Free CARFAX]> but was:<[]>
	at org.junit.Assert.assertEquals(Assert.java:115)
	at org.junit.Assert.assertEquals(Assert.java:144)
	at com.carfax_ucl.step_definitions.SaveThisSearchStepDef.i_navigate_to_Find_a_Used_Car_page(SaveThisSearchStepDef.java:50)
	at ✽.I navigate to Find a Used Car page(file:src/test/resources/com/carfax/features/FollowBtn.feature:7)

org.junit.ComparisonFailure: expected:<[Used Cars for Sale | with Free CARFAX]> but was:<[]>
	at org.junit.Assert.assertEquals(Assert.java:115)
	at org.junit.Assert.assertEquals(Assert.java:144)
	at com.carfax_ucl.step_definitions.SaveThisSearchStepDef.i_navigate_to_Find_a_Used_Car_page(SaveThisSearchStepDef.java:50)
	at ✽.I navigate to Find a Used Car page(file:src/test/resources/com/carfax/features/FollowBtn.feature:7)

org.junit.ComparisonFailure: expected:<[Used Cars for Sale | with Free CARFAX]> but was:<[]>
	at org.junit.Assert.assertEquals(Assert.java:115)
	at org.junit.Assert.assertEquals(Assert.java:144)
	at com.carfax_ucl.step_definitions.SaveThisSearchStepDef.i_navigate_to_Find_a_Used_Car_page(SaveThisSearchStepDef.java:50)
	at ✽.I navigate to Find a Used Car page(file:src/test/resources/com/carfax/features/FollowBtn.feature:7)

org.junit.ComparisonFailure: expected:<[Used Cars for Sale | with Free CARFAX]> but was:<[]>
	at org.junit.Assert.assertEquals(Assert.java:115)
	at org.junit.Assert.assertEquals(Assert.java:144)
	at com.carfax_ucl.step_definitions.SaveThisSearchStepDef.i_navigate_to_Find_a_Used_Car_page(SaveThisSearchStepDef.java:50)
	at ✽.I navigate to Find a Used Car page(file:src/test/resources/com/carfax/features/FollowBtn.feature:7)

org.junit.ComparisonFailure: expected:<[Used Cars for Sale | with Free CARFAX]> but was:<[]>
	at org.junit.Assert.assertEquals(Assert.java:115)
	at org.junit.Assert.assertEquals(Assert.java:144)
	at com.carfax_ucl.step_definitions.SaveThisSearchStepDef.i_navigate_to_Find_a_Used_Car_page(SaveThisSearchStepDef.java:50)
	at ✽.I navigate to Find a Used Car page(file:src/test/resources/com/carfax/features/UCLSignInBtn.feature:17)

org.junit.ComparisonFailure: expected:<[Used Cars for Sale | with Free CARFAX]> but was:<[]>
	at org.junit.Assert.assertEquals(Assert.java:115)
	at org.junit.Assert.assertEquals(Assert.java:144)
	at com.carfax_ucl.step_definitions.SaveThisSearchStepDef.i_navigate_to_Find_a_Used_Car_page(SaveThisSearchStepDef.java:50)
	at ✽.I navigate to Find a Used Car page(file:src/test/resources/com/carfax/features/UCLSignUpBtn.feature:7)

org.junit.ComparisonFailure: expected:<[Used Cars for Sale | with Free CARFAX]> but was:<[]>
	at org.junit.Assert.assertEquals(Assert.java:115)
	at org.junit.Assert.assertEquals(Assert.java:144)
	at com.carfax_ucl.step_definitions.SaveThisSearchStepDef.i_navigate_to_Find_a_Used_Car_page(SaveThisSearchStepDef.java:50)
	at ✽.I navigate to Find a Used Car page(file:src/test/resources/com/carfax/features/saveSearchBtn.feature:5)

org.junit.ComparisonFailure: expected:<[Used Cars for Sale | with Free CARFAX]> but was:<[]>
	at org.junit.Assert.assertEquals(Assert.java:115)
	at org.junit.Assert.assertEquals(Assert.java:144)
	at com.carfax_ucl.step_definitions.SaveThisSearchStepDef.i_navigate_to_Find_a_Used_Car_page(SaveThisSearchStepDef.java:50)
	at ✽.I navigate to Find a Used Car page(file:src/test/resources/com/carfax/features/saveSearchBtn.feature:5)

org.junit.ComparisonFailure: expected:<[Used Cars for Sale | with Free CARFAX]> but was:<[]>
	at org.junit.Assert.assertEquals(Assert.java:115)
	at org.junit.Assert.assertEquals(Assert.java:144)
	at com.carfax_ucl.step_definitions.SaveThisSearchStepDef.i_navigate_to_Find_a_Used_Car_page(SaveThisSearchStepDef.java:50)
	at ✽.I navigate to Find a Used Car page(file:src/test/resources/com/carfax/features/saveSearchBtn.feature:5)

Setting up before hooks
Browser name : firefox
Hookes ended
After Hooks
]]></system-out>
    <system-err><![CDATA[1578666528180	mozrunner::runner	INFO	Running command: "/Applications/Firefox.app/Contents/MacOS/firefox-bin" "-marionette" "-foreground" "-no-remote" "-profile" "/var/folders/x_/jgrkcbmn19s41k5v_9y874qdn_5z29/T/rust_mozprofilenn9u96"
1578666528640	addons.webextension.doh-rollout@mozilla.org	WARN	Loading extension 'doh-rollout@mozilla.org': Reading manifest: Invalid extension permission: networkStatus
1578666528726	addons.webextension.screenshots@mozilla.org	WARN	Loading extension 'screenshots@mozilla.org': Reading manifest: Invalid extension permission: mozillaAddons
1578666528726	addons.webextension.screenshots@mozilla.org	WARN	Loading extension 'screenshots@mozilla.org': Reading manifest: Invalid extension permission: telemetry
1578666528726	addons.webextension.screenshots@mozilla.org	WARN	Loading extension 'screenshots@mozilla.org': Reading manifest: Invalid extension permission: resource://pdf.js/
1578666528726	addons.webextension.screenshots@mozilla.org	WARN	Loading extension 'screenshots@mozilla.org': Reading manifest: Invalid extension permission: about:reader*
1578666530540	Marionette	INFO	Listening on port 53505
1578666530556	Marionette	WARN	TLS certificate errors will be ignored for this session
Jan 10, 2020 9:28:50 AM org.openqa.selenium.remote.ProtocolHandshake createSession
INFO: Detected dialect: W3C
JavaScript warning: https://js.datadome.co/tags.js, line 2: unreachable code after return statement
JavaScript warning: https://js.datadome.co/tags.js, line 2: unreachable code after return statement
1578666532890	Marionette	INFO	Stopped listening on port 53505
]]></system-err>
  </testcase>
  <testcase name="Create account through Save This Search option" classname="Create account through save this search" time="21.564"/>
  <testcase name="Create account through Save This Search option" classname="Create account through save this search" time="8.488">
    <failure message="expected:&lt;[Used Cars for Sale | with Free CARFAX]&gt; but was:&lt;[]&gt;" type="org.junit.ComparisonFailure"><![CDATA[org.junit.ComparisonFailure: expected:<[Used Cars for Sale | with Free CARFAX]> but was:<[]>
]]></failure>
    <system-out><![CDATA[Setting up before hooks
Browser name : firefox
Hookes ended
After Hooks
]]></system-out>
    <system-err><![CDATA[1578666558536	mozrunner::runner	INFO	Running command: "/Applications/Firefox.app/Contents/MacOS/firefox-bin" "-marionette" "-foreground" "-no-remote" "-profile" "/var/folders/x_/jgrkcbmn19s41k5v_9y874qdn_5z29/T/rust_mozprofileSe6aGA"
1578666559013	addons.webextension.doh-rollout@mozilla.org	WARN	Loading extension 'doh-rollout@mozilla.org': Reading manifest: Invalid extension permission: networkStatus
1578666559103	addons.webextension.screenshots@mozilla.org	WARN	Loading extension 'screenshots@mozilla.org': Reading manifest: Invalid extension permission: mozillaAddons
1578666559103	addons.webextension.screenshots@mozilla.org	WARN	Loading extension 'screenshots@mozilla.org': Reading manifest: Invalid extension permission: telemetry
1578666559103	addons.webextension.screenshots@mozilla.org	WARN	Loading extension 'screenshots@mozilla.org': Reading manifest: Invalid extension permission: resource://pdf.js/
1578666559103	addons.webextension.screenshots@mozilla.org	WARN	Loading extension 'screenshots@mozilla.org': Reading manifest: Invalid extension permission: about:reader*
1578666560750	Marionette	INFO	Listening on port 54152
1578666560803	Marionette	WARN	TLS certificate errors will be ignored for this session
Jan 10, 2020 9:29:20 AM org.openqa.selenium.remote.ProtocolHandshake createSession
INFO: Detected dialect: W3C
JavaScript warning: https://js.datadome.co/tags.js, line 2: unreachable code after return statement
JavaScript warning: https://js.datadome.co/tags.js, line 2: unreachable code after return statement
1578666563039	Marionette	INFO	Stopped listening on port 54152
]]></system-err>
  </testcase>
  <testcase name="Create account through Save This Search option" classname="Create account through save this search" time="8.464">
    <failure message="expected:&lt;[Used Cars for Sale | with Free CARFAX]&gt; but was:&lt;[]&gt;" type="org.junit.ComparisonFailure"><![CDATA[org.junit.ComparisonFailure: expected:<[Used Cars for Sale | with Free CARFAX]> but was:<[]>
]]></failure>
    <system-out><![CDATA[Setting up before hooks
Browser name : firefox
Hookes ended
After Hooks
]]></system-out>
    <system-err><![CDATA[1578666566985	mozrunner::runner	INFO	Running command: "/Applications/Firefox.app/Contents/MacOS/firefox-bin" "-marionette" "-foreground" "-no-remote" "-profile" "/var/folders/x_/jgrkcbmn19s41k5v_9y874qdn_5z29/T/rust_mozprofilexmBd2B"
1578666567427	addons.webextension.doh-rollout@mozilla.org	WARN	Loading extension 'doh-rollout@mozilla.org': Reading manifest: Invalid extension permission: networkStatus
1578666567514	addons.webextension.screenshots@mozilla.org	WARN	Loading extension 'screenshots@mozilla.org': Reading manifest: Invalid extension permission: mozillaAddons
1578666567514	addons.webextension.screenshots@mozilla.org	WARN	Loading extension 'screenshots@mozilla.org': Reading manifest: Invalid extension permission: telemetry
1578666567516	addons.webextension.screenshots@mozilla.org	WARN	Loading extension 'screenshots@mozilla.org': Reading manifest: Invalid extension permission: resource://pdf.js/
1578666567516	addons.webextension.screenshots@mozilla.org	WARN	Loading extension 'screenshots@mozilla.org': Reading manifest: Invalid extension permission: about:reader*
1578666569138	Marionette	INFO	Listening on port 54445
1578666569153	Marionette	WARN	TLS certificate errors will be ignored for this session
Jan 10, 2020 9:29:29 AM org.openqa.selenium.remote.ProtocolHandshake createSession
INFO: Detected dialect: W3C
JavaScript warning: https://js.datadome.co/tags.js, line 2: unreachable code after return statement
JavaScript warning: https://js.datadome.co/tags.js, line 2: unreachable code after return statement
1578666571460	Marionette	INFO	Stopped listening on port 54445
]]></system-err>
  </testcase>
</testsuite>